#
# There is insufficient memory for the Java Runtime Environment to continue.
# Native memory allocation (malloc) failed to allocate 344336 bytes for Chunk::new
# Possible reasons:
#   The system is out of physical RAM or swap space
#   The process is running with CompressedOops enabled, and the Java Heap may be blocking the growth of the native heap
# Possible solutions:
#   Reduce memory load on the system
#   Increase physical memory or swap space
#   Check if swap backing store is full
#   Decrease Java heap size (-Xmx/-Xms)
#   Decrease number of Java threads
#   Decrease Java thread stack sizes (-Xss)
#   Set larger code cache with -XX:ReservedCodeCacheSize=
#   JVM is running with Unscaled Compressed Oops mode in which the Java heap is
#     placed in the first 4GB address space. The Java Heap base address is the
#     maximum limit for the native heap growth. Please use -XX:HeapBaseMinAddress
#     to set the Java Heap base and to place the Java Heap above 4GB virtual address.
# This output file may be truncated or incomplete.
#
#  Out of Memory Error (./open/src/hotspot/share/memory/arena.cpp:197), pid=7156, tid=13824
#
# JRE version: Java(TM) SE Runtime Environment 18.9 (11.0.9+7) (build 11.0.9+7-LTS)
# Java VM: Java HotSpot(TM) 64-Bit Server VM 18.9 (11.0.9+7-LTS, mixed mode, tiered, compressed oops, g1 gc, windows-amd64)
# No core dump will be written. Minidumps are not enabled by default on client versions of Windows
#

---------------  S U M M A R Y ------------

Command Line: -Dfile.encoding=Cp1252 app.Application

Host: Intel(R) Core(TM) i5-7300HQ CPU @ 2.50GHz, 4 cores, 7G,  Windows 10 , 64 bit Build 19041 (10.0.19041.1202)
Time: Fri Sep 24 02:19:56 2021 Central Europe Daylight Time elapsed time: 0.847809 seconds (0d 0h 0m 0s)

---------------  T H R E A D  ---------------

Current thread (0x0000019ea4c25000):  JavaThread "C2 CompilerThread0" daemon [_thread_in_native, id=13824, stack(0x0000000389200000,0x0000000389300000)]


Current CompileTask:
C2:    847 1098       4       java.lang.invoke.MethodType::makeImpl (108 bytes)

Stack: [0x0000000389200000,0x0000000389300000]
Native frames: (J=compiled Java code, j=interpreted, Vv=VM code, C=native code)
V  [jvm.dll+0x611a3a]
V  [jvm.dll+0x748aaf]
V  [jvm.dll+0x74a135]
V  [jvm.dll+0x74a7b3]
V  [jvm.dll+0x2439f8]
V  [jvm.dll+0xba2bc]
V  [jvm.dll+0xba9bc]
V  [jvm.dll+0x3454e7]
V  [jvm.dll+0x313343]
V  [jvm.dll+0x31268a]
V  [jvm.dll+0x1fd495]
V  [jvm.dll+0x1fc64f]
V  [jvm.dll+0x17f08c]
V  [jvm.dll+0x20bc54]
V  [jvm.dll+0x209d2b]
V  [jvm.dll+0x7103d9]
V  [jvm.dll+0x709114]
V  [jvm.dll+0x610cb6]
C  [ucrtbase.dll+0x21bb2]
C  [KERNEL32.DLL+0x17034]
C  [ntdll.dll+0x52651]


---------------  P R O C E S S  ---------------

Threads class SMR info:
_java_thread_list=0x0000019ea6053de0, length=17, elements={
0x0000019e8675f000, 0x0000019ea4c07800, 0x0000019ea4c11800, 0x0000019ea4c21000,
0x0000019ea4c23000, 0x0000019ea4c25000, 0x0000019ea55d1000, 0x0000019ea55d6800,
0x0000019ea56e5800, 0x0000019ea56f0800, 0x0000019ea5b96000, 0x0000019ea5cf8000,
0x0000019ea5cf9000, 0x0000019ea5bb1000, 0x0000019ea5f00800, 0x0000019ea5bad800,
0x0000019ea60ab000
}

Java Threads: ( => current thread )
  0x0000019e8675f000 JavaThread "main" [_thread_in_vm, id=12024, stack(0x0000000388700000,0x0000000388800000)]
  0x0000019ea4c07800 JavaThread "Reference Handler" daemon [_thread_blocked, id=17432, stack(0x0000000388e00000,0x0000000388f00000)]
  0x0000019ea4c11800 JavaThread "Finalizer" daemon [_thread_blocked, id=16484, stack(0x0000000388f00000,0x0000000389000000)]
  0x0000019ea4c21000 JavaThread "Signal Dispatcher" daemon [_thread_blocked, id=8492, stack(0x0000000389000000,0x0000000389100000)]
  0x0000019ea4c23000 JavaThread "Attach Listener" daemon [_thread_blocked, id=8128, stack(0x0000000389100000,0x0000000389200000)]
=>0x0000019ea4c25000 JavaThread "C2 CompilerThread0" daemon [_thread_in_native, id=13824, stack(0x0000000389200000,0x0000000389300000)]
  0x0000019ea55d1000 JavaThread "C1 CompilerThread0" daemon [_thread_in_vm, id=17368, stack(0x0000000389300000,0x0000000389400000)]
  0x0000019ea55d6800 JavaThread "Sweeper thread" daemon [_thread_blocked, id=10428, stack(0x0000000389400000,0x0000000389500000)]
  0x0000019ea56e5800 JavaThread "Service Thread" daemon [_thread_blocked, id=4972, stack(0x0000000389500000,0x0000000389600000)]
  0x0000019ea56f0800 JavaThread "Common-Cleaner" daemon [_thread_blocked, id=18164, stack(0x0000000389700000,0x0000000389800000)]
  0x0000019ea5b96000 JavaThread "Java2D Disposer" daemon [_thread_blocked, id=2220, stack(0x0000000389900000,0x0000000389a00000)]
  0x0000019ea5cf8000 JavaThread "AWT-Shutdown" [_thread_blocked, id=15064, stack(0x0000000389a00000,0x0000000389b00000)]
  0x0000019ea5cf9000 JavaThread "AWT-Windows" daemon [_thread_in_native, id=1484, stack(0x0000000389b00000,0x0000000389c00000)]
  0x0000019ea5bb1000 JavaThread "C2 CompilerThread1" daemon [_thread_in_native, id=16128, stack(0x0000000389c00000,0x0000000389d00000)]
  0x0000019ea5f00800 JavaThread "AWT-EventQueue-0" [_thread_blocked, id=15364, stack(0x0000000389d00000,0x0000000389e00000)]
  0x0000019ea5bad800 JavaThread "Image Fetcher 0" daemon [_thread_blocked, id=11036, stack(0x0000000389e00000,0x0000000389f00000)]
  0x0000019ea60ab000 JavaThread "Image Fetcher 1" daemon [_thread_blocked, id=18100, stack(0x0000000389f00000,0x000000038a000000)]

Other Threads:
  0x0000019ea4be0000 VMThread "VM Thread" [stack: 0x0000000388d00000,0x0000000388e00000] [id=9268]
  0x0000019ea56ef800 WatcherThread [stack: 0x0000000389600000,0x0000000389700000] [id=17972]
  0x0000019e86774000 GCTaskThread "GC Thread#0" [stack: 0x0000000388800000,0x0000000388900000] [id=1016]
  0x0000019ea71b3800 GCTaskThread "GC Thread#1" [stack: 0x000000038a000000,0x000000038a100000] [id=9164]
  0x0000019ea71c5000 GCTaskThread "GC Thread#2" [stack: 0x000000038a100000,0x000000038a200000] [id=8068]
  0x0000019ea71c6000 GCTaskThread "GC Thread#3" [stack: 0x000000038a200000,0x000000038a300000] [id=14536]
  0x0000019e867a5800 ConcurrentGCThread "G1 Main Marker" [stack: 0x0000000388900000,0x0000000388a00000] [id=4516]
  0x0000019e867a8800 ConcurrentGCThread "G1 Conc#0" [stack: 0x0000000388a00000,0x0000000388b00000] [id=7880]
  0x0000019e86838000 ConcurrentGCThread "G1 Refine#0" [stack: 0x0000000388b00000,0x0000000388c00000] [id=16416]
  0x0000019ea5868800 ConcurrentGCThread "G1 Refine#1" [stack: 0x000000038a300000,0x000000038a400000] [id=11712]
  0x0000019e86839800 ConcurrentGCThread "G1 Young RemSet Sampling" [stack: 0x0000000388c00000,0x0000000388d00000] [id=7252]

Threads with active compile tasks:
C2 CompilerThread0    897 1098       4       java.lang.invoke.MethodType::makeImpl (108 bytes)
C1 CompilerThread0    897 1211       3       javax.swing.GroupLayout$Group::getSpring (14 bytes)
C2 CompilerThread1    897 1197       4       java.lang.invoke.MethodType$ConcurrentWeakInternSet$WeakEntry::<init> (14 bytes)

VM state:not at safepoint (normal execution)

VM Mutex/Monitor currently owned by a thread: None

Heap address: 0x0000000081c00000, size: 2020 MB, Compressed Oops mode: 32-bit
Narrow klass base: 0x0000000000000000, Narrow klass shift: 3
Compressed class space size: 1073741824 Address: 0x0000000100000000

Heap:
 garbage-first heap   total 131072K, used 4543K [0x0000000081c00000, 0x0000000100000000)
  region size 1024K, 4 young (4096K), 2 survivors (2048K)
 Metaspace       used 16915K, capacity 17330K, committed 17536K, reserved 1075200K
  class space    used 1893K, capacity 2075K, committed 2176K, reserved 1048576K
Heap Regions: E=young(eden), S=young(survivor), O=old, HS=humongous(starts), HC=humongous(continues), CS=collection set, F=free, A=archive, TAMS=top-at-mark-start (previous, next)
|   0|0x0000000081c00000, 0x0000000081d00000, 0x0000000081d00000|100%| O|  |TAMS 0x0000000081d00000, 0x0000000081c00000| Untracked 
|   1|0x0000000081d00000, 0x0000000081d6fe00, 0x0000000081e00000| 43%| O|  |TAMS 0x0000000081d6fe00, 0x0000000081d00000| Untracked 
|   2|0x0000000081e00000, 0x0000000081e00000, 0x0000000081f00000|  0%| F|  |TAMS 0x0000000081e00000, 0x0000000081e00000| Untracked 
|   3|0x0000000081f00000, 0x0000000081f00000, 0x0000000082000000|  0%| F|  |TAMS 0x0000000081f00000, 0x0000000081f00000| Untracked 
|   4|0x0000000082000000, 0x0000000082000000, 0x0000000082100000|  0%| F|  |TAMS 0x0000000082000000, 0x0000000082000000| Untracked 
|   5|0x0000000082100000, 0x0000000082100000, 0x0000000082200000|  0%| F|  |TAMS 0x0000000082100000, 0x0000000082100000| Untracked 
|   6|0x0000000082200000, 0x0000000082200000, 0x0000000082300000|  0%| F|  |TAMS 0x0000000082200000, 0x0000000082200000| Untracked 
|   7|0x0000000082300000, 0x0000000082300000, 0x0000000082400000|  0%| F|  |TAMS 0x0000000082300000, 0x0000000082300000| Untracked 
|   8|0x0000000082400000, 0x0000000082400000, 0x0000000082500000|  0%| F|  |TAMS 0x0000000082400000, 0x0000000082400000| Untracked 
|   9|0x0000000082500000, 0x0000000082500000, 0x0000000082600000|  0%| F|  |TAMS 0x0000000082500000, 0x0000000082500000| Untracked 
|  10|0x0000000082600000, 0x0000000082600000, 0x0000000082700000|  0%| F|  |TAMS 0x0000000082600000, 0x0000000082600000| Untracked 
|  11|0x0000000082700000, 0x0000000082700000, 0x0000000082800000|  0%| F|  |TAMS 0x0000000082700000, 0x0000000082700000| Untracked 
|  12|0x0000000082800000, 0x0000000082800000, 0x0000000082900000|  0%| F|  |TAMS 0x0000000082800000, 0x0000000082800000| Untracked 
|  13|0x0000000082900000, 0x0000000082900000, 0x0000000082a00000|  0%| F|  |TAMS 0x0000000082900000, 0x0000000082900000| Untracked 
|  14|0x0000000082a00000, 0x0000000082a00000, 0x0000000082b00000|  0%| F|  |TAMS 0x0000000082a00000, 0x0000000082a00000| Untracked 
|  15|0x0000000082b00000, 0x0000000082b00000, 0x0000000082c00000|  0%| F|  |TAMS 0x0000000082b00000, 0x0000000082b00000| Untracked 
|  16|0x0000000082c00000, 0x0000000082c00000, 0x0000000082d00000|  0%| F|  |TAMS 0x0000000082c00000, 0x0000000082c00000| Untracked 
|  17|0x0000000082d00000, 0x0000000082d00000, 0x0000000082e00000|  0%| F|  |TAMS 0x0000000082d00000, 0x0000000082d00000| Untracked 
|  18|0x0000000082e00000, 0x0000000082e00000, 0x0000000082f00000|  0%| F|  |TAMS 0x0000000082e00000, 0x0000000082e00000| Untracked 
|  19|0x0000000082f00000, 0x0000000082f00000, 0x0000000083000000|  0%| F|  |TAMS 0x0000000082f00000, 0x0000000082f00000| Untracked 
|  20|0x0000000083000000, 0x0000000083000000, 0x0000000083100000|  0%| F|  |TAMS 0x0000000083000000, 0x0000000083000000| Untracked 
|  21|0x0000000083100000, 0x0000000083100000, 0x0000000083200000|  0%| F|  |TAMS 0x0000000083100000, 0x0000000083100000| Untracked 
|  22|0x0000000083200000, 0x0000000083200000, 0x0000000083300000|  0%| F|  |TAMS 0x0000000083200000, 0x0000000083200000| Untracked 
|  23|0x0000000083300000, 0x0000000083300000, 0x0000000083400000|  0%| F|  |TAMS 0x0000000083300000, 0x0000000083300000| Untracked 
|  24|0x0000000083400000, 0x0000000083400000, 0x0000000083500000|  0%| F|  |TAMS 0x0000000083400000, 0x0000000083400000| Untracked 
|  25|0x0000000083500000, 0x0000000083500000, 0x0000000083600000|  0%| F|  |TAMS 0x0000000083500000, 0x0000000083500000| Untracked 
|  26|0x0000000083600000, 0x0000000083600000, 0x0000000083700000|  0%| F|  |TAMS 0x0000000083600000, 0x0000000083600000| Untracked 
|  27|0x0000000083700000, 0x0000000083700000, 0x0000000083800000|  0%| F|  |TAMS 0x0000000083700000, 0x0000000083700000| Untracked 
|  28|0x0000000083800000, 0x0000000083800000, 0x0000000083900000|  0%| F|  |TAMS 0x0000000083800000, 0x0000000083800000| Untracked 
|  29|0x0000000083900000, 0x0000000083900000, 0x0000000083a00000|  0%| F|  |TAMS 0x0000000083900000, 0x0000000083900000| Untracked 
|  30|0x0000000083a00000, 0x0000000083a00000, 0x0000000083b00000|  0%| F|  |TAMS 0x0000000083a00000, 0x0000000083a00000| Untracked 
|  31|0x0000000083b00000, 0x0000000083b00000, 0x0000000083c00000|  0%| F|  |TAMS 0x0000000083b00000, 0x0000000083b00000| Untracked 
|  32|0x0000000083c00000, 0x0000000083c00000, 0x0000000083d00000|  0%| F|  |TAMS 0x0000000083c00000, 0x0000000083c00000| Untracked 
|  33|0x0000000083d00000, 0x0000000083d00000, 0x0000000083e00000|  0%| F|  |TAMS 0x0000000083d00000, 0x0000000083d00000| Untracked 
|  34|0x0000000083e00000, 0x0000000083e00000, 0x0000000083f00000|  0%| F|  |TAMS 0x0000000083e00000, 0x0000000083e00000| Untracked 
|  35|0x0000000083f00000, 0x0000000083f00000, 0x0000000084000000|  0%| F|  |TAMS 0x0000000083f00000, 0x0000000083f00000| Untracked 
|  36|0x0000000084000000, 0x0000000084000000, 0x0000000084100000|  0%| F|  |TAMS 0x0000000084000000, 0x0000000084000000| Untracked 
|  37|0x0000000084100000, 0x0000000084100000, 0x0000000084200000|  0%| F|  |TAMS 0x0000000084100000, 0x0000000084100000| Untracked 
|  38|0x0000000084200000, 0x0000000084200000, 0x0000000084300000|  0%| F|  |TAMS 0x0000000084200000, 0x0000000084200000| Untracked 
|  39|0x0000000084300000, 0x0000000084300000, 0x0000000084400000|  0%| F|  |TAMS 0x0000000084300000, 0x0000000084300000| Untracked 
|  40|0x0000000084400000, 0x0000000084400000, 0x0000000084500000|  0%| F|  |TAMS 0x0000000084400000, 0x0000000084400000| Untracked 
|  41|0x0000000084500000, 0x0000000084500000, 0x0000000084600000|  0%| F|  |TAMS 0x0000000084500000, 0x0000000084500000| Untracked 
|  42|0x0000000084600000, 0x0000000084600000, 0x0000000084700000|  0%| F|  |TAMS 0x0000000084600000, 0x0000000084600000| Untracked 
|  43|0x0000000084700000, 0x0000000084700000, 0x0000000084800000|  0%| F|  |TAMS 0x0000000084700000, 0x0000000084700000| Untracked 
|  44|0x0000000084800000, 0x0000000084800000, 0x0000000084900000|  0%| F|  |TAMS 0x0000000084800000, 0x0000000084800000| Untracked 
|  45|0x0000000084900000, 0x0000000084900000, 0x0000000084a00000|  0%| F|  |TAMS 0x0000000084900000, 0x0000000084900000| Untracked 
|  46|0x0000000084a00000, 0x0000000084a00000, 0x0000000084b00000|  0%| F|  |TAMS 0x0000000084a00000, 0x0000000084a00000| Untracked 
|  47|0x0000000084b00000, 0x0000000084b00000, 0x0000000084c00000|  0%| F|  |TAMS 0x0000000084b00000, 0x0000000084b00000| Untracked 
|  48|0x0000000084c00000, 0x0000000084c00000, 0x0000000084d00000|  0%| F|  |TAMS 0x0000000084c00000, 0x0000000084c00000| Untracked 
|  49|0x0000000084d00000, 0x0000000084d00000, 0x0000000084e00000|  0%| F|  |TAMS 0x0000000084d00000, 0x0000000084d00000| Untracked 
|  50|0x0000000084e00000, 0x0000000084e00000, 0x0000000084f00000|  0%| F|  |TAMS 0x0000000084e00000, 0x0000000084e00000| Untracked 
|  51|0x0000000084f00000, 0x0000000084f00000, 0x0000000085000000|  0%| F|  |TAMS 0x0000000084f00000, 0x0000000084f00000| Untracked 
|  52|0x0000000085000000, 0x0000000085000000, 0x0000000085100000|  0%| F|  |TAMS 0x0000000085000000, 0x0000000085000000| Untracked 
|  53|0x0000000085100000, 0x0000000085100000, 0x0000000085200000|  0%| F|  |TAMS 0x0000000085100000, 0x0000000085100000| Untracked 
|  54|0x0000000085200000, 0x0000000085200000, 0x0000000085300000|  0%| F|  |TAMS 0x0000000085200000, 0x0000000085200000| Untracked 
|  55|0x0000000085300000, 0x0000000085300000, 0x0000000085400000|  0%| F|  |TAMS 0x0000000085300000, 0x0000000085300000| Untracked 
|  56|0x0000000085400000, 0x0000000085400000, 0x0000000085500000|  0%| F|  |TAMS 0x0000000085400000, 0x0000000085400000| Untracked 
|  57|0x0000000085500000, 0x0000000085500000, 0x0000000085600000|  0%| F|  |TAMS 0x0000000085500000, 0x0000000085500000| Untracked 
|  58|0x0000000085600000, 0x0000000085600000, 0x0000000085700000|  0%| F|  |TAMS 0x0000000085600000, 0x0000000085600000| Untracked 
|  59|0x0000000085700000, 0x0000000085700000, 0x0000000085800000|  0%| F|  |TAMS 0x0000000085700000, 0x0000000085700000| Untracked 
|  60|0x0000000085800000, 0x0000000085800000, 0x0000000085900000|  0%| F|  |TAMS 0x0000000085800000, 0x0000000085800000| Untracked 
|  61|0x0000000085900000, 0x0000000085900000, 0x0000000085a00000|  0%| F|  |TAMS 0x0000000085900000, 0x0000000085900000| Untracked 
|  62|0x0000000085a00000, 0x0000000085a00000, 0x0000000085b00000|  0%| F|  |TAMS 0x0000000085a00000, 0x0000000085a00000| Untracked 
|  63|0x0000000085b00000, 0x0000000085b00000, 0x0000000085c00000|  0%| F|  |TAMS 0x0000000085b00000, 0x0000000085b00000| Untracked 
|  64|0x0000000085c00000, 0x0000000085c00000, 0x0000000085d00000|  0%| F|  |TAMS 0x0000000085c00000, 0x0000000085c00000| Untracked 
|  65|0x0000000085d00000, 0x0000000085d00000, 0x0000000085e00000|  0%| F|  |TAMS 0x0000000085d00000, 0x0000000085d00000| Untracked 
|  66|0x0000000085e00000, 0x0000000085e00000, 0x0000000085f00000|  0%| F|  |TAMS 0x0000000085e00000, 0x0000000085e00000| Untracked 
|  67|0x0000000085f00000, 0x0000000085f00000, 0x0000000086000000|  0%| F|  |TAMS 0x0000000085f00000, 0x0000000085f00000| Untracked 
|  68|0x0000000086000000, 0x0000000086000000, 0x0000000086100000|  0%| F|  |TAMS 0x0000000086000000, 0x0000000086000000| Untracked 
|  69|0x0000000086100000, 0x0000000086100000, 0x0000000086200000|  0%| F|  |TAMS 0x0000000086100000, 0x0000000086100000| Untracked 
|  70|0x0000000086200000, 0x0000000086200000, 0x0000000086300000|  0%| F|  |TAMS 0x0000000086200000, 0x0000000086200000| Untracked 
|  71|0x0000000086300000, 0x0000000086300000, 0x0000000086400000|  0%| F|  |TAMS 0x0000000086300000, 0x0000000086300000| Untracked 
|  72|0x0000000086400000, 0x0000000086400000, 0x0000000086500000|  0%| F|  |TAMS 0x0000000086400000, 0x0000000086400000| Untracked 
|  73|0x0000000086500000, 0x0000000086500000, 0x0000000086600000|  0%| F|  |TAMS 0x0000000086500000, 0x0000000086500000| Untracked 
|  74|0x0000000086600000, 0x0000000086600000, 0x0000000086700000|  0%| F|  |TAMS 0x0000000086600000, 0x0000000086600000| Untracked 
|  75|0x0000000086700000, 0x0000000086700000, 0x0000000086800000|  0%| F|  |TAMS 0x0000000086700000, 0x0000000086700000| Untracked 
|  76|0x0000000086800000, 0x0000000086800000, 0x0000000086900000|  0%| F|  |TAMS 0x0000000086800000, 0x0000000086800000| Untracked 
|  77|0x0000000086900000, 0x0000000086900000, 0x0000000086a00000|  0%| F|  |TAMS 0x0000000086900000, 0x0000000086900000| Untracked 
|  78|0x0000000086a00000, 0x0000000086a00000, 0x0000000086b00000|  0%| F|  |TAMS 0x0000000086a00000, 0x0000000086a00000| Untracked 
|  79|0x0000000086b00000, 0x0000000086b00000, 0x0000000086c00000|  0%| F|  |TAMS 0x0000000086b00000, 0x0000000086b00000| Untracked 
|  80|0x0000000086c00000, 0x0000000086c00000, 0x0000000086d00000|  0%| F|  |TAMS 0x0000000086c00000, 0x0000000086c00000| Untracked 
|  81|0x0000000086d00000, 0x0000000086d00000, 0x0000000086e00000|  0%| F|  |TAMS 0x0000000086d00000, 0x0000000086d00000| Untracked 
|  82|0x0000000086e00000, 0x0000000086e00000, 0x0000000086f00000|  0%| F|  |TAMS 0x0000000086e00000, 0x0000000086e00000| Untracked 
|  83|0x0000000086f00000, 0x0000000086f00000, 0x0000000087000000|  0%| F|  |TAMS 0x0000000086f00000, 0x0000000086f00000| Untracked 
|  84|0x0000000087000000, 0x0000000087000000, 0x0000000087100000|  0%| F|  |TAMS 0x0000000087000000, 0x0000000087000000| Untracked 
|  85|0x0000000087100000, 0x0000000087100000, 0x0000000087200000|  0%| F|  |TAMS 0x0000000087100000, 0x0000000087100000| Untracked 
|  86|0x0000000087200000, 0x0000000087200000, 0x0000000087300000|  0%| F|  |TAMS 0x0000000087200000, 0x0000000087200000| Untracked 
|  87|0x0000000087300000, 0x0000000087300000, 0x0000000087400000|  0%| F|  |TAMS 0x0000000087300000, 0x0000000087300000| Untracked 
|  88|0x0000000087400000, 0x0000000087400000, 0x0000000087500000|  0%| F|  |TAMS 0x0000000087400000, 0x0000000087400000| Untracked 
|  89|0x0000000087500000, 0x0000000087500000, 0x0000000087600000|  0%| F|  |TAMS 0x0000000087500000, 0x0000000087500000| Untracked 
|  90|0x0000000087600000, 0x0000000087600000, 0x0000000087700000|  0%| F|  |TAMS 0x0000000087600000, 0x0000000087600000| Untracked 
|  91|0x0000000087700000, 0x0000000087700000, 0x0000000087800000|  0%| F|  |TAMS 0x0000000087700000, 0x0000000087700000| Untracked 
|  92|0x0000000087800000, 0x0000000087800000, 0x0000000087900000|  0%| F|  |TAMS 0x0000000087800000, 0x0000000087800000| Untracked 
|  93|0x0000000087900000, 0x0000000087900000, 0x0000000087a00000|  0%| F|  |TAMS 0x0000000087900000, 0x0000000087900000| Untracked 
|  94|0x0000000087a00000, 0x0000000087a00000, 0x0000000087b00000|  0%| F|  |TAMS 0x0000000087a00000, 0x0000000087a00000| Untracked 
|  95|0x0000000087b00000, 0x0000000087b00000, 0x0000000087c00000|  0%| F|  |TAMS 0x0000000087b00000, 0x0000000087b00000| Untracked 
|  96|0x0000000087c00000, 0x0000000087c00000, 0x0000000087d00000|  0%| F|  |TAMS 0x0000000087c00000, 0x0000000087c00000| Untracked 
|  97|0x0000000087d00000, 0x0000000087d00000, 0x0000000087e00000|  0%| F|  |TAMS 0x0000000087d00000, 0x0000000087d00000| Untracked 
|  98|0x0000000087e00000, 0x0000000087e00000, 0x0000000087f00000|  0%| F|  |TAMS 0x0000000087e00000, 0x0000000087e00000| Untracked 
|  99|0x0000000087f00000, 0x0000000087f00000, 0x0000000088000000|  0%| F|  |TAMS 0x0000000087f00000, 0x0000000087f00000| Untracked 
| 100|0x0000000088000000, 0x0000000088000000, 0x0000000088100000|  0%| F|  |TAMS 0x0000000088000000, 0x0000000088000000| Untracked 
| 101|0x0000000088100000, 0x0000000088100000, 0x0000000088200000|  0%| F|  |TAMS 0x0000000088100000, 0x0000000088100000| Untracked 
| 102|0x0000000088200000, 0x0000000088200000, 0x0000000088300000|  0%| F|  |TAMS 0x0000000088200000, 0x0000000088200000| Untracked 
| 103|0x0000000088300000, 0x0000000088300000, 0x0000000088400000|  0%| F|  |TAMS 0x0000000088300000, 0x0000000088300000| Untracked 
| 104|0x0000000088400000, 0x0000000088400000, 0x0000000088500000|  0%| F|  |TAMS 0x0000000088400000, 0x0000000088400000| Untracked 
| 105|0x0000000088500000, 0x0000000088500000, 0x0000000088600000|  0%| F|  |TAMS 0x0000000088500000, 0x0000000088500000| Untracked 
| 106|0x0000000088600000, 0x0000000088600000, 0x0000000088700000|  0%| F|  |TAMS 0x0000000088600000, 0x0000000088600000| Untracked 
| 107|0x0000000088700000, 0x0000000088700000, 0x0000000088800000|  0%| F|  |TAMS 0x0000000088700000, 0x0000000088700000| Untracked 
| 108|0x0000000088800000, 0x0000000088800000, 0x0000000088900000|  0%| F|  |TAMS 0x0000000088800000, 0x0000000088800000| Untracked 
| 109|0x0000000088900000, 0x0000000088900000, 0x0000000088a00000|  0%| F|  |TAMS 0x0000000088900000, 0x0000000088900000| Untracked 
| 110|0x0000000088a00000, 0x0000000088a00000, 0x0000000088b00000|  0%| F|  |TAMS 0x0000000088a00000, 0x0000000088a00000| Untracked 
| 111|0x0000000088b00000, 0x0000000088b00000, 0x0000000088c00000|  0%| F|  |TAMS 0x0000000088b00000, 0x0000000088b00000| Untracked 
| 112|0x0000000088c00000, 0x0000000088c00000, 0x0000000088d00000|  0%| F|  |TAMS 0x0000000088c00000, 0x0000000088c00000| Untracked 
| 113|0x0000000088d00000, 0x0000000088e00000, 0x0000000088e00000|100%| S|CS|TAMS 0x0000000088d00000, 0x0000000088d00000| Complete 
| 114|0x0000000088e00000, 0x0000000088f00000, 0x0000000088f00000|100%| S|CS|TAMS 0x0000000088e00000, 0x0000000088e00000| Complete 
| 115|0x0000000088f00000, 0x0000000088f00000, 0x0000000089000000|  0%| F|  |TAMS 0x0000000088f00000, 0x0000000088f00000| Untracked 
| 116|0x0000000089000000, 0x0000000089000000, 0x0000000089100000|  0%| F|  |TAMS 0x0000000089000000, 0x0000000089000000| Untracked 
| 117|0x0000000089100000, 0x0000000089100000, 0x0000000089200000|  0%| F|  |TAMS 0x0000000089100000, 0x0000000089100000| Untracked 
| 118|0x0000000089200000, 0x0000000089200000, 0x0000000089300000|  0%| F|  |TAMS 0x0000000089200000, 0x0000000089200000| Untracked 
| 119|0x0000000089300000, 0x0000000089300000, 0x0000000089400000|  0%| F|  |TAMS 0x0000000089300000, 0x0000000089300000| Untracked 
| 120|0x0000000089400000, 0x0000000089400000, 0x0000000089500000|  0%| F|  |TAMS 0x0000000089400000, 0x0000000089400000| Untracked 
| 121|0x0000000089500000, 0x0000000089500000, 0x0000000089600000|  0%| F|  |TAMS 0x0000000089500000, 0x0000000089500000| Untracked 
| 122|0x0000000089600000, 0x0000000089600000, 0x0000000089700000|  0%| F|  |TAMS 0x0000000089600000, 0x0000000089600000| Untracked 
| 123|0x0000000089700000, 0x0000000089700000, 0x0000000089800000|  0%| F|  |TAMS 0x0000000089700000, 0x0000000089700000| Untracked 
| 124|0x0000000089800000, 0x0000000089800000, 0x0000000089900000|  0%| F|  |TAMS 0x0000000089800000, 0x0000000089800000| Untracked 
| 125|0x0000000089900000, 0x0000000089900000, 0x0000000089a00000|  0%| F|  |TAMS 0x0000000089900000, 0x0000000089900000| Untracked 
| 126|0x0000000089a00000, 0x0000000089b00000, 0x0000000089b00000|100%| E|  |TAMS 0x0000000089a00000, 0x0000000089a00000| Complete 
| 127|0x0000000089b00000, 0x0000000089c00000, 0x0000000089c00000|100%| E|CS|TAMS 0x0000000089b00000, 0x0000000089b00000| Complete 

Card table byte_map: [0x0000019e9dfe0000,0x0000019e9e3e0000] _byte_map_base: 0x0000019e9dbd2000

Marking Bits (Prev, Next): (CMBitMap*) 0x0000019e8679cec0, (CMBitMap*) 0x0000019e8679ce88
 Prev Bits: [0x0000019ea0770000, 0x0000019ea2700000)
 Next Bits: [0x0000019e9e7e0000, 0x0000019ea0770000)

Polling page: 0x0000019e84900000

Metaspace:

Usage:
  Non-class:     14.96 MB capacity,    14.71 MB ( 98%) used,   211.53 KB (  1%) free+waste,    46.00 KB ( <1%) overhead. 
      Class:      2.03 MB capacity,     1.86 MB ( 92%) used,   150.38 KB (  7%) free+waste,    24.00 KB (  1%) overhead. 
       Both:     16.99 MB capacity,    16.56 MB ( 98%) used,   361.91 KB (  2%) free+waste,    70.00 KB ( <1%) overhead. 

Virtual space:
  Non-class space:       26.00 MB reserved,      15.00 MB ( 58%) committed 
      Class space:        1.00 GB reserved,       2.13 MB ( <1%) committed 
             Both:        1.03 GB reserved,      17.13 MB (  2%) committed 

Chunk freelists:
   Non-Class:  5.13 KB
       Class:  640 bytes
        Both:  5.75 KB

CodeHeap 'non-profiled nmethods': size=120064Kb used=386Kb max_used=386Kb free=119677Kb
 bounds [0x0000019e966a0000, 0x0000019e96910000, 0x0000019e9dbe0000]
CodeHeap 'profiled nmethods': size=120000Kb used=2122Kb max_used=2122Kb free=117877Kb
 bounds [0x0000019e8f170000, 0x0000019e8f3e0000, 0x0000019e966a0000]
CodeHeap 'non-nmethods': size=5696Kb used=1207Kb max_used=1219Kb free=4488Kb
 bounds [0x0000019e8ebe0000, 0x0000019e8ee50000, 0x0000019e8f170000]
 total_blobs=1787 nmethods=1215 adapters=484
 compilation: enabled
              stopped_count=0, restarted_count=0
 full_count=0

Compilation events (10 events):
Event: 0.845 Thread 0x0000019ea55d1000 1110       3       sun.awt.FontConfiguration::getComponentFontName (15 bytes)
Event: 0.845 Thread 0x0000019ea55d1000 nmethod 1110 0x0000019e8f35cf10 code [0x0000019e8f35d0c0, 0x0000019e8f35d2d0]
Event: 0.845 Thread 0x0000019ea55d1000 1112       3       sun.awt.FontConfiguration::mapFileName (2 bytes)
Event: 0.845 Thread 0x0000019ea55d1000 nmethod 1112 0x0000019e8f35d410 code [0x0000019e8f35d5a0, 0x0000019e8f35d6f8]
Event: 0.845 Thread 0x0000019ea55d1000 1113       3       sun.awt.windows.WFontConfiguration::getFaceNameFromComponentFontName (2 bytes)
Event: 0.845 Thread 0x0000019ea55d1000 nmethod 1113 0x0000019e8f35d790 code [0x0000019e8f35d920, 0x0000019e8f35da78]
Event: 0.845 Thread 0x0000019ea55d1000 1115  s    1       sun.font.SunFontManager::getDefaultFontFile (5 bytes)
Event: 0.845 Thread 0x0000019ea55d1000 nmethod 1115 0x0000019e966f7f90 code [0x0000019e966f8120, 0x0000019e966f8398]
Event: 0.845 Thread 0x0000019ea55d1000 1116  s    1       sun.font.SunFontManager::getDefaultFontFaceName (5 bytes)
Event: 0.845 Thread 0x0000019ea55d1000 nmethod 1116 0x0000019e966f8410 code [0x0000019e966f85a0, 0x0000019e966f8818]

GC Heap History (0 events):
No events

Deoptimization events (10 events):
Event: 0.161 Thread 0x0000019e8675f000 Uncommon trap: reason=unstable_if action=reinterpret pc=0x0000019e966a429c method=java.lang.String.hashCode()I @ 14 c2
Event: 0.633 Thread 0x0000019ea5bad800 Uncommon trap: reason=unstable_if action=reinterpret pc=0x0000019e966d7af8 method=java.lang.StringLatin1.canEncode(I)Z @ 4 c2
Event: 0.633 Thread 0x0000019ea5bad800 Uncommon trap: reason=unstable_if action=reinterpret pc=0x0000019e966c7954 method=java.lang.AbstractStringBuilder.isLatin1()Z @ 10 c2
Event: 0.732 Thread 0x0000019e8675f000 Uncommon trap: reason=bimorphic_or_optimized_type_check action=maybe_recompile pc=0x0000019e966e7758 method=java.util.HashMap.getNode(ILjava/lang/Object;)Ljava/util/HashMap$Node; @ 59 c2
Event: 0.732 Thread 0x0000019e8675f000 Uncommon trap: reason=bimorphic_or_optimized_type_check action=maybe_recompile pc=0x0000019e966e7758 method=java.util.HashMap.getNode(ILjava/lang/Object;)Ljava/util/HashMap$Node; @ 59 c2
Event: 0.732 Thread 0x0000019e8675f000 Uncommon trap: reason=bimorphic_or_optimized_type_check action=maybe_recompile pc=0x0000019e966e7758 method=java.util.HashMap.getNode(ILjava/lang/Object;)Ljava/util/HashMap$Node; @ 59 c2
Event: 0.732 Thread 0x0000019e8675f000 Uncommon trap: reason=bimorphic_or_optimized_type_check action=maybe_recompile pc=0x0000019e966e7758 method=java.util.HashMap.getNode(ILjava/lang/Object;)Ljava/util/HashMap$Node; @ 59 c2
Event: 0.740 Thread 0x0000019e8675f000 Uncommon trap: reason=bimorphic_or_optimized_type_check action=maybe_recompile pc=0x0000019e966e9780 method=java.util.HashMap.getNode(ILjava/lang/Object;)Ljava/util/HashMap$Node; @ 59 c2
Event: 0.796 Thread 0x0000019ea5cf9000 Uncommon trap: reason=unstable_if action=reinterpret pc=0x0000019e966e13ec method=java.util.HashMap.putVal(ILjava/lang/Object;Ljava/lang/Object;ZZ)Ljava/lang/Object; @ 181 c2
Event: 0.830 Thread 0x0000019e8675f000 Uncommon trap: reason=unstable_if action=reinterpret pc=0x0000019e966d8814 method=java.lang.StringUTF16.compress([CI[BII)I @ 20 c2

Classes redefined (0 events):
No events

Internal exceptions (10 events):
Event: 0.452 Thread 0x0000019ea5cf9000 Exception <a 'java/lang/NoSuchMethodError'{0x0000000089794f50}: java.lang.invoke.DirectMethodHandle$Holder.invokeSpecial(Ljava/lang/Object;Ljava/lang/Object;)V> (0x0000000089794f50) thrown at [./open/src/hotspot/share/interpreter/linkResolver.cpp, line 77
Event: 0.455 Thread 0x0000019e8675f000 Exception <a 'java/lang/NoSuchMethodError'{0x000000008977d698}: java.lang.invoke.DirectMethodHandle$Holder.invokeStatic(Ljava/lang/Object;Ljava/lang/Object;Ljava/lang/Object;Ljava/lang/Object;Ljava/lang/Object;Ljava/lang/Object;Ljava/lang/Object;Ljava/lan
Event: 0.457 Thread 0x0000019e8675f000 Exception <a 'java/lang/NoSuchMethodError'{0x00000000897df340}: java.lang.invoke.DirectMethodHandle$Holder.invokeStatic(Ljava/lang/Object;Ljava/lang/Object;Ljava/lang/Object;Ljava/lang/Object;Ljava/lang/Object;Ljava/lang/Object;Ljava/lang/Object;Ljava/lan
Event: 0.489 Thread 0x0000019e8675f000 Exception <a 'java/lang/NoSuchMethodError'{0x00000000896f6370}: java.lang.invoke.DirectMethodHandle$Holder.invokeStatic(Ljava/lang/Object;ILjava/lang/Object;Ljava/lang/Object;Ljava/lang/Object;Ljava/lang/Object;)Ljava/lang/Object;> (0x00000000896f6370) th
Event: 0.490 Thread 0x0000019e8675f000 Exception <a 'java/lang/NoSuchMethodError'{0x00000000896fd430}: java.lang.invoke.DirectMethodHandle$Holder.invokeStatic(Ljava/lang/Object;ILjava/lang/Object;Ljava/lang/Object;Ljava/lang/Object;)Ljava/lang/Object;> (0x00000000896fd430) thrown at [./open/sr
Event: 0.490 Thread 0x0000019e8675f000 Exception <a 'java/lang/NoSuchMethodError'{0x0000000089501408}: java.lang.invoke.DirectMethodHandle$Holder.invokeSpecial(Ljava/lang/Object;Ljava/lang/Object;ILjava/lang/Object;Ljava/lang/Object;Ljava/lang/Object;)Ljava/lang/Object;> (0x0000000089501408) t
Event: 0.492 Thread 0x0000019e8675f000 Exception <a 'java/lang/NoSuchMethodError'{0x0000000089518ce0}: java.lang.invoke.DirectMethodHandle$Holder.invokeStatic(Ljava/lang/Object;ILjava/lang/Object;)Ljava/lang/Object;> (0x0000000089518ce0) thrown at [./open/src/hotspot/share/interpreter/linkReso
Event: 0.541 Thread 0x0000019e8675f000 Exception <a 'java/lang/ClassNotFoundException'{0x00000000895c35c0}: com/sun/swing/internal/plaf/metal/resources/spi/metalProvider> (0x00000000895c35c0) thrown at [./open/src/hotspot/share/classfile/systemDictionary.cpp, line 228]
Event: 0.542 Thread 0x0000019e8675f000 Exception <a 'java/lang/ClassNotFoundException'{0x00000000895c7a60}: com/sun/swing/internal/plaf/basic/resources/spi/basicProvider> (0x00000000895c7a60) thrown at [./open/src/hotspot/share/classfile/systemDictionary.cpp, line 228]
Event: 0.811 Thread 0x0000019e8675f000 Exception <a 'java/lang/NoSuchMethodError'{0x0000000089028248}: java.lang.invoke.DirectMethodHandle$Holder.invokeStaticInit(Ljava/lang/Object;)V> (0x0000000089028248) thrown at [./open/src/hotspot/share/interpreter/linkResolver.cpp, line 772]

Events (10 events):
Event: 0.844 loading class sun/font/Font2DHandle done
Event: 0.844 loading class sun/font/FontFamily
Event: 0.845 loading class sun/font/FontFamily done
Event: 0.845 loading class sun/font/SunFontManager$3
Event: 0.845 loading class sun/font/SunFontManager$3 done
Event: 0.845 loading class sun/awt/Win32FontManager$2
Event: 0.845 loading class sun/awt/Win32FontManager$2 done
Event: 0.846 loading class java/io/ByteArrayOutputStream
Event: 0.846 loading class java/io/ByteArrayOutputStream done
Event: 0.846 loading class sun/awt/FontConfiguration$2


Dynamic libraries:
0x00007ff645460000 - 0x00007ff64546f000 	C:\Program Files\Java\jdk-11.0.9\bin\javaw.exe
0x00007ff8b7cf0000 - 0x00007ff8b7ee5000 	C:\WINDOWS\SYSTEM32\ntdll.dll
0x00007ff8a8de0000 - 0x00007ff8a8df5000 	C:\Program Files\Avast Software\Avast\aswhook.dll
0x00007ff8b5fa0000 - 0x00007ff8b605e000 	C:\WINDOWS\System32\KERNEL32.DLL
0x00007ff8b5a40000 - 0x00007ff8b5d09000 	C:\WINDOWS\System32\KERNELBASE.dll
0x00007ff8b5410000 - 0x00007ff8b5510000 	C:\WINDOWS\System32\ucrtbase.dll
0x00007ff8ae8f0000 - 0x00007ff8ae908000 	C:\Program Files\Java\jdk-11.0.9\bin\jli.dll
0x00007ff8b68f0000 - 0x00007ff8b699c000 	C:\WINDOWS\System32\ADVAPI32.dll
0x00007ff8b6730000 - 0x00007ff8b67ce000 	C:\WINDOWS\System32\msvcrt.dll
0x00007ff8b6610000 - 0x00007ff8b66ab000 	C:\WINDOWS\System32\sechost.dll
0x00007ff8ae820000 - 0x00007ff8ae835000 	C:\Program Files\Java\jdk-11.0.9\bin\VCRUNTIME140.dll
0x00007ff8b5e60000 - 0x00007ff8b5f8a000 	C:\WINDOWS\System32\RPCRT4.dll
0x00007ff8b7040000 - 0x00007ff8b71e1000 	C:\WINDOWS\System32\USER32.dll
0x00007ff8b5d10000 - 0x00007ff8b5d32000 	C:\WINDOWS\System32\win32u.dll
0x00007ff8b5d40000 - 0x00007ff8b5d6b000 	C:\WINDOWS\System32\GDI32.dll
0x00007ff8b58e0000 - 0x00007ff8b59eb000 	C:\WINDOWS\System32\gdi32full.dll
0x00007ff8b5510000 - 0x00007ff8b55ad000 	C:\WINDOWS\System32\msvcp_win.dll
0x00007ff883140000 - 0x00007ff8833da000 	C:\WINDOWS\WinSxS\amd64_microsoft.windows.common-controls_6595b64144ccf1df_6.0.19041.1110_none_60b5254171f9507e\COMCTL32.dll
0x00007ff8adac0000 - 0x00007ff8adaca000 	C:\WINDOWS\SYSTEM32\VERSION.dll
0x00007ff8b5dd0000 - 0x00007ff8b5e00000 	C:\WINDOWS\System32\IMM32.DLL
0x00007ff8769b0000 - 0x00007ff876a4b000 	C:\Program Files\Java\jdk-11.0.9\bin\msvcp140.dll
0x00007ff83fe90000 - 0x00007ff840987000 	C:\Program Files\Java\jdk-11.0.9\bin\server\jvm.dll
0x00007ff8b6600000 - 0x00007ff8b6608000 	C:\WINDOWS\System32\PSAPI.DLL
0x00007ff8a87d0000 - 0x00007ff8a87d9000 	C:\WINDOWS\SYSTEM32\WSOCK32.dll
0x00007ff8b73f0000 - 0x00007ff8b745b000 	C:\WINDOWS\System32\WS2_32.dll
0x00007ff89a1f0000 - 0x00007ff89a217000 	C:\WINDOWS\SYSTEM32\WINMM.dll
0x00007ff8b3ce0000 - 0x00007ff8b3cf2000 	C:\WINDOWS\SYSTEM32\kernel.appcore.dll
0x00007ff8ac1d0000 - 0x00007ff8ac1e0000 	C:\Program Files\Java\jdk-11.0.9\bin\verify.dll
0x00007ff8b3200000 - 0x00007ff8b33e4000 	C:\WINDOWS\SYSTEM32\DBGHELP.DLL
0x00007ff8ac2d0000 - 0x00007ff8ac2fc000 	C:\WINDOWS\SYSTEM32\dbgcore.DLL
0x00007ff8b5660000 - 0x00007ff8b56e3000 	C:\WINDOWS\System32\bcryptPrimitives.dll
0x00007ff8ab280000 - 0x00007ff8ab2a8000 	C:\Program Files\Java\jdk-11.0.9\bin\java.dll
0x00007ff8ac1c0000 - 0x00007ff8ac1ca000 	C:\Program Files\Java\jdk-11.0.9\bin\jimage.dll
0x00007ff8ac030000 - 0x00007ff8ac046000 	C:\Program Files\Java\jdk-11.0.9\bin\zip.dll
0x00007ff8b7570000 - 0x00007ff8b7caf000 	C:\WINDOWS\System32\SHELL32.dll
0x00007ff8b33f0000 - 0x00007ff8b3b80000 	C:\WINDOWS\SYSTEM32\windows.storage.dll
0x00007ff8b62a0000 - 0x00007ff8b65f5000 	C:\WINDOWS\System32\combase.dll
0x00007ff8b4d90000 - 0x00007ff8b4dbc000 	C:\WINDOWS\SYSTEM32\Wldp.dll
0x00007ff8b7340000 - 0x00007ff8b73ee000 	C:\WINDOWS\System32\SHCORE.dll
0x00007ff8b5e00000 - 0x00007ff8b5e55000 	C:\WINDOWS\System32\shlwapi.dll
0x00007ff8b5350000 - 0x00007ff8b536f000 	C:\WINDOWS\SYSTEM32\profapi.dll
0x00007ff8aaa60000 - 0x00007ff8aaa79000 	C:\Program Files\Java\jdk-11.0.9\bin\net.dll
0x00007ff8a9ff0000 - 0x00007ff8aa0f8000 	C:\WINDOWS\SYSTEM32\WINHTTP.dll
0x00007ff8b4af0000 - 0x00007ff8b4b5a000 	C:\WINDOWS\system32\mswsock.dll
0x00007ff8aa750000 - 0x00007ff8aa762000 	C:\Program Files\Java\jdk-11.0.9\bin\nio.dll
0x00007ff866af0000 - 0x00007ff866c8a000 	C:\Program Files\Java\jdk-11.0.9\bin\awt.dll
0x00007ff8b71f0000 - 0x00007ff8b72bd000 	C:\WINDOWS\System32\OLEAUT32.dll
0x00007ff8b2230000 - 0x00007ff8b22c0000 	C:\WINDOWS\SYSTEM32\apphelp.dll
0x00007ff8b2dc0000 - 0x00007ff8b2def000 	C:\WINDOWS\system32\DWMAPI.DLL
0x00007ff8b2710000 - 0x00007ff8b27ae000 	C:\WINDOWS\system32\uxtheme.dll
0x00007ff8779f0000 - 0x00007ff877b15000 	C:\WINDOWS\system32\opengl32.dll
0x00007ff87b000000 - 0x00007ff87b02c000 	C:\WINDOWS\SYSTEM32\GLU32.dll
0x00007ff8b67d0000 - 0x00007ff8b68e5000 	C:\WINDOWS\System32\MSCTF.dll
0x00007ff8b6a90000 - 0x00007ff8b6bba000 	C:\WINDOWS\System32\ole32.dll
0x00007ff8a3d10000 - 0x00007ff8a3d92000 	C:\Program Files\Java\jdk-11.0.9\bin\freetype.dll
0x00007ff8a00b0000 - 0x00007ff8a0156000 	C:\Program Files\Java\jdk-11.0.9\bin\fontmanager.dll

dbghelp: loaded successfully - version: 4.0.5 - missing functions: none
symbol engine: initialized successfully - sym options: 0x614 - pdb path: .;C:\Program Files\Java\jdk-11.0.9\bin;C:\WINDOWS\SYSTEM32;C:\Program Files\Avast Software\Avast;C:\WINDOWS\WinSxS\amd64_microsoft.windows.common-controls_6595b64144ccf1df_6.0.19041.1110_none_60b5254171f9507e;C:\Program Files\Java\jdk-11.0.9\bin\server

VM Arguments:
jvm_args: -Dfile.encoding=Cp1252 
java_command: app.Application
java_class_path (initial): C:\Users\Sandra\git\I7-20-2020-Sandra-Martinovic\SandraMartinovic\DizajnerskiObrasci\bin;C:\Users\Sandra\git\I7-20-2020-Sandra-Martinovic\SandraMartinovic\DizajnerskiObrasci\src\mvc\Model\heksagon.jar;C:\Users\Sandra\.p2\pool\plugins\org.junit.jupiter.api_5.7.0.v20201026-1537.jar;C:\Users\Sandra\.p2\pool\plugins\org.junit.jupiter.engine_5.7.0.v20201026-1537.jar;C:\Users\Sandra\.p2\pool\plugins\org.junit.jupiter.migrationsupport_5.7.0.v20201026-1537.jar;C:\Users\Sandra\.p2\pool\plugins\org.junit.jupiter.params_5.7.0.v20201026-1537.jar;C:\Users\Sandra\.p2\pool\plugins\org.junit.platform.commons_1.7.0.v20201026-1537.jar;C:\Users\Sandra\.p2\pool\plugins\org.junit.platform.engine_1.7.0.v20201026-1537.jar;C:\Users\Sandra\.p2\pool\plugins\org.junit.platform.launcher_1.7.0.v20201026-1537.jar;C:\Users\Sandra\.p2\pool\plugins\org.junit.platform.runner_1.7.0.v20201026-1537.jar;C:\Users\Sandra\.p2\pool\plugins\org.junit.platform.suite.api_1.7.0.v20201026-1537.jar;C:\Users\Sandra\.p2\pool\plugins\org.junit.vintage.engine_5.7.0.v20201026-1537.jar;C:\Users\Sandra\.p2\pool\plugins\org.opentest4j_1.2.0.v20190826-0900.jar;C:\Users\Sandra\.p2\pool\plugins\org.apiguardian_1.1.0.v20190826-0900.jar;C:\Users\Sandra\.p2\pool\plugins\org.junit_4.13.0.v20200204-1500.jar;C:\Users\Sandra\.p2\pool\plugins\org.hamcrest.core_1.3.0.v20180420-1519.jar;D:\Downloads\mockito-all-2.0.2-beta.jar
Launcher Type: SUN_STANDARD

[Global flags]
     intx CICompilerCount                          = 3                                         {product} {ergonomic}
     uint ConcGCThreads                            = 1                                         {product} {ergonomic}
     uint G1ConcRefinementThreads                  = 4                                         {product} {ergonomic}
   size_t G1HeapRegionSize                         = 1048576                                   {product} {ergonomic}
    uintx GCDrainStackTargetSize                   = 64                                        {product} {ergonomic}
   size_t InitialHeapSize                          = 134217728                                 {product} {ergonomic}
   size_t MarkStackSize                            = 4194304                                   {product} {ergonomic}
   size_t MaxHeapSize                              = 2118123520                                {product} {ergonomic}
   size_t MaxNewSize                               = 1270874112                                {product} {ergonomic}
   size_t MinHeapDeltaBytes                        = 1048576                                   {product} {ergonomic}
    uintx NonNMethodCodeHeapSize                   = 5830732                                {pd product} {ergonomic}
    uintx NonProfiledCodeHeapSize                  = 122913754                              {pd product} {ergonomic}
    uintx ProfiledCodeHeapSize                     = 122913754                              {pd product} {ergonomic}
    uintx ReservedCodeCacheSize                    = 251658240                              {pd product} {ergonomic}
     bool SegmentedCodeCache                       = true                                      {product} {ergonomic}
     bool UseCompressedClassPointers               = true                                 {lp64_product} {ergonomic}
     bool UseCompressedOops                        = true                                 {lp64_product} {ergonomic}
     bool UseG1GC                                  = true                                      {product} {ergonomic}
     bool UseLargePagesIndividualAllocation        = false                                  {pd product} {ergonomic}

Logging:
Log output configuration:
 #0: stdout all=warning uptime,level,tags
 #1: stderr all=off uptime,level,tags

Environment Variables:
JAVA_HOME=C:\Program Files\Java\jdk-11.0.9
PATH=C:\Program Files\Common Files\Oracle\Java\javapath;C:\Program Files\Java\jdk-11.0.9\bin;C:\WINDOWS\system32;C:\WINDOWS;C:\WINDOWS\System32\Wbem;C:\WINDOWS\System32\WindowsPowerShell\v1.0\;C:\Program Files (x86)\Microsoft SQL Server\Client SDK\ODBC\130\Tools\Binn\;C:\Program Files (x86)\Microsoft SQL Server\140\Tools\Binn\;C:\Program Files (x86)\Microsoft SQL Server\140\DTS\Binn\;C:\Program Files (x86)\Microsoft SQL Server\140\Tools\Binn\ManagementStudio\;C:\Program Files\Microsoft SQL Server\Client SDK\ODBC\130\Tools\Binn\;C:\Program Files\Microsoft SQL Server\140\Tools\Binn\;C:\Program Files\Microsoft SQL Server\140\DTS\Binn\;C:\WINDOWS\System32\OpenSSH\;C:\Program Files\Java\jdk-11.0.9\bin;C:\Program Files\PostgreSQL\11\bin;C:\Program Files\PostgreSQL\11\lib;C:\Program Files\Git\cmd;C:\Program Files\Microsoft SQL Server\130\Tools\Binn\;C:\Program Files\dotnet\;D:\Program Files\apache-maven-3.6.3\bin;%M2_HOME%\bin;C:\Users\Sandra\Downloads\AnypointStudio;C:\Program Files\nodejs\;"D:\Diplomski rad\mysql-connector.jar;.;";C:\Users\Sandra\Downloads\mysql-connector-java-8.0.18;C:\Program Files\apache-maven-3.6.3\bin\;D:\Downloads\sonar-scanner-cli-4.6.2.2472-windows\sonar-scanner-4.6.2.2472-windows\bin;C:\Program Files\MySQL\MySQL Shell 8.0\bin\;C:\Users\Sandra\AppData\Local\Programs\Microsoft VS Code\bin;C:\Users\Sandra\.dotnet\tools;C:\Program Files\Java\jdk-11.0.9\bin;C:\Users\Sandra\AppData\Roaming\npm;C:\Users\Sandra\AppData\Local\Microsoft\WindowsApps;C:\Users\Sandra\AppData\Local\Programs\MiKTeX\miktex\bin\x64\;C:\Program Files\apache-maven-3.6.3\bin\;
USERNAME=Sandra
OS=Windows_NT
PROCESSOR_IDENTIFIER=Intel64 Family 6 Model 158 Stepping 9, GenuineIntel



---------------  S Y S T E M  ---------------

OS: Windows 10 , 64 bit Build 19041 (10.0.19041.1202)

CPU:total 4 (initial active 4) (4 cores per cpu, 1 threads per core) family 6 model 158 stepping 9, cmov, cx8, fxsr, mmx, sse, sse2, sse3, ssse3, sse4.1, sse4.2, popcnt, avx, avx2, aes, clmul, erms, 3dnowpref, lzcnt, tsc, tscinvbit, bmi1, bmi2, adx, fma

Memory: 4k page, system-wide physical 8077M (863M free)
TotalPageFile size 13683M (AvailPageFile size 2M)
current process WorkingSet (physical memory assigned to process): 81M, peak: 81M
current process commit charge ("private bytes"): 224M, peak: 225M

vm_info: Java HotSpot(TM) 64-Bit Server VM (11.0.9+7-LTS) for windows-amd64 JRE (11.0.9+7-LTS), built on Sep 15 2020 16:47:03 by "mach5one" with MS VC++ 15.9 (VS2017)

END.
