#
# There is insufficient memory for the Java Runtime Environment to continue.
# Native memory allocation (mmap) failed to map 134217728 bytes for Failed to commit area from 0x0000000081c00000 to 0x0000000089c00000 of length 134217728.
# Possible reasons:
#   The system is out of physical RAM or swap space
#   The process is running with CompressedOops enabled, and the Java Heap may be blocking the growth of the native heap
# Possible solutions:
#   Reduce memory load on the system
#   Increase physical memory or swap space
#   Check if swap backing store is full
#   Decrease Java heap size (-Xmx/-Xms)
#   Decrease number of Java threads
#   Decrease Java thread stack sizes (-Xss)
#   Set larger code cache with -XX:ReservedCodeCacheSize=
# This output file may be truncated or incomplete.
#
#  Out of Memory Error (./open/src/hotspot/os/windows/os_windows.cpp:3275), pid=17352, tid=12204
#
# JRE version:  (11.0.9+7) (build )
# Java VM: Java HotSpot(TM) 64-Bit Server VM (11.0.9+7-LTS, mixed mode, sharing, tiered, compressed oops, g1 gc, windows-amd64)
# No core dump will be written. Minidumps are not enabled by default on client versions of Windows
#

---------------  S U M M A R Y ------------

Command Line: -Dfile.encoding=Cp1252 app.Application

Host: Intel(R) Core(TM) i5-7300HQ CPU @ 2.50GHz, 4 cores, 7G,  Windows 10 , 64 bit Build 19041 (10.0.19041.1202)
Time: Mon Sep 20 13:27:41 2021 Central Europe Daylight Time elapsed time: 0.039722 seconds (0d 0h 0m 0s)

---------------  T H R E A D  ---------------

Current thread (0x0000027b49cd1800):  JavaThread "Unknown thread" [_thread_in_vm, id=12204, stack(0x000000a6a9800000,0x000000a6a9900000)]

Stack: [0x000000a6a9800000,0x000000a6a9900000]
Native frames: (J=compiled Java code, j=interpreted, Vv=VM code, C=native code)
V  [jvm.dll+0x611a3a]
V  [jvm.dll+0x748aaf]
V  [jvm.dll+0x74a135]
V  [jvm.dll+0x74a7b3]
V  [jvm.dll+0x2439f8]
V  [jvm.dll+0x60eeda]
V  [jvm.dll+0x603de5]
V  [jvm.dll+0x2f785c]
V  [jvm.dll+0x2f76e2]
V  [jvm.dll+0x2fc396]
V  [jvm.dll+0x33e1df]
V  [jvm.dll+0x33dc10]
V  [jvm.dll+0x2d5aa8]
V  [jvm.dll+0x2d6c06]
V  [jvm.dll+0x724927]
V  [jvm.dll+0x7261cf]
V  [jvm.dll+0x34af59]
V  [jvm.dll+0x70a4a0]
V  [jvm.dll+0x3b415f]
V  [jvm.dll+0x3b6201]
C  [jli.dll+0x520b]
C  [ucrtbase.dll+0x21bb2]
C  [KERNEL32.DLL+0x17034]
C  [ntdll.dll+0x52651]


---------------  P R O C E S S  ---------------

Threads class SMR info:
_java_thread_list=0x0000027b47bf6d10, length=0, elements={
}

Java Threads: ( => current thread )

Other Threads:
  0x0000027b49ce8000 GCTaskThread "GC Thread#0" [stack: 0x000000a6a9900000,0x000000a6a9a00000] [id=16884]
  0x0000027b49d19000 ConcurrentGCThread "G1 Main Marker" [stack: 0x000000a6a9a00000,0x000000a6a9b00000] [id=14748]
  0x0000027b49d1a800 ConcurrentGCThread "G1 Conc#0" [stack: 0x000000a6a9b00000,0x000000a6a9c00000] [id=9900]

[error occurred during error reporting (printing all threads), id 0xc0000005, EXCEPTION_ACCESS_VIOLATION (0xc0000005) at pc=0x00007ff8401742a7]

VM state:not at safepoint (not fully initialized)

VM Mutex/Monitor currently owned by a thread:  ([mutex/lock_event])
[0x0000027b49cce2b0] Heap_lock - owner thread: 0x0000027b49cd1800

Heap address: 0x0000000081c00000, size: 2020 MB, Compressed Oops mode: Non-zero based: 0x0000000081c00000
Narrow klass base: 0x0000000000000000, Narrow klass shift: 0

GC Heap History (0 events):
No events

Deoptimization events (0 events):
No events

Classes redefined (0 events):
No events

Internal exceptions (0 events):
No events

Events (0 events):
No events


Dynamic libraries:
0x00007ff645460000 - 0x00007ff64546f000 	C:\Program Files\Java\jdk-11.0.9\bin\javaw.exe
0x00007ff8b7cf0000 - 0x00007ff8b7ee5000 	C:\WINDOWS\SYSTEM32\ntdll.dll
0x00007ff8a8de0000 - 0x00007ff8a8df5000 	C:\Program Files\Avast Software\Avast\aswhook.dll
0x00007ff8b5fa0000 - 0x00007ff8b605e000 	C:\WINDOWS\System32\KERNEL32.DLL
0x00007ff8b5a40000 - 0x00007ff8b5d09000 	C:\WINDOWS\System32\KERNELBASE.dll
0x00007ff8b5410000 - 0x00007ff8b5510000 	C:\WINDOWS\System32\ucrtbase.dll
0x00007ff8ae8f0000 - 0x00007ff8ae908000 	C:\Program Files\Java\jdk-11.0.9\bin\jli.dll
0x00007ff8b68f0000 - 0x00007ff8b699c000 	C:\WINDOWS\System32\ADVAPI32.dll
0x00007ff8b6730000 - 0x00007ff8b67ce000 	C:\WINDOWS\System32\msvcrt.dll
0x00007ff8b6610000 - 0x00007ff8b66ab000 	C:\WINDOWS\System32\sechost.dll
0x00007ff8b5e60000 - 0x00007ff8b5f8a000 	C:\WINDOWS\System32\RPCRT4.dll
0x00007ff8b7040000 - 0x00007ff8b71e1000 	C:\WINDOWS\System32\USER32.dll
0x00007ff8ae820000 - 0x00007ff8ae835000 	C:\Program Files\Java\jdk-11.0.9\bin\VCRUNTIME140.dll
0x00007ff8b5d10000 - 0x00007ff8b5d32000 	C:\WINDOWS\System32\win32u.dll
0x00007ff8b5d40000 - 0x00007ff8b5d6b000 	C:\WINDOWS\System32\GDI32.dll
0x00007ff8b58e0000 - 0x00007ff8b59eb000 	C:\WINDOWS\System32\gdi32full.dll
0x00007ff8b5510000 - 0x00007ff8b55ad000 	C:\WINDOWS\System32\msvcp_win.dll
0x00007ff883140000 - 0x00007ff8833da000 	C:\WINDOWS\WinSxS\amd64_microsoft.windows.common-controls_6595b64144ccf1df_6.0.19041.1110_none_60b5254171f9507e\COMCTL32.dll
0x00007ff8adac0000 - 0x00007ff8adaca000 	C:\WINDOWS\SYSTEM32\VERSION.dll
0x00007ff8b5dd0000 - 0x00007ff8b5e00000 	C:\WINDOWS\System32\IMM32.DLL
0x00007ff8769b0000 - 0x00007ff876a4b000 	C:\Program Files\Java\jdk-11.0.9\bin\msvcp140.dll
0x00007ff83fe90000 - 0x00007ff840987000 	C:\Program Files\Java\jdk-11.0.9\bin\server\jvm.dll
0x00007ff8b6600000 - 0x00007ff8b6608000 	C:\WINDOWS\System32\PSAPI.DLL
0x00007ff8a87d0000 - 0x00007ff8a87d9000 	C:\WINDOWS\SYSTEM32\WSOCK32.dll
0x00007ff8b73f0000 - 0x00007ff8b745b000 	C:\WINDOWS\System32\WS2_32.dll
0x00007ff89a1f0000 - 0x00007ff89a217000 	C:\WINDOWS\SYSTEM32\WINMM.dll
0x00007ff8b3ce0000 - 0x00007ff8b3cf2000 	C:\WINDOWS\SYSTEM32\kernel.appcore.dll
0x00007ff8ac1d0000 - 0x00007ff8ac1e0000 	C:\Program Files\Java\jdk-11.0.9\bin\verify.dll
0x00007ff8b3200000 - 0x00007ff8b33e4000 	C:\WINDOWS\SYSTEM32\DBGHELP.DLL
0x00007ff8ac2d0000 - 0x00007ff8ac2fc000 	C:\WINDOWS\SYSTEM32\dbgcore.DLL
0x00007ff8b5660000 - 0x00007ff8b56e3000 	C:\WINDOWS\System32\bcryptPrimitives.dll
0x00007ff8ab280000 - 0x00007ff8ab2a8000 	C:\Program Files\Java\jdk-11.0.9\bin\java.dll
0x00007ff8ac1c0000 - 0x00007ff8ac1ca000 	C:\Program Files\Java\jdk-11.0.9\bin\jimage.dll
0x00007ff8ac030000 - 0x00007ff8ac046000 	C:\Program Files\Java\jdk-11.0.9\bin\zip.dll

dbghelp: loaded successfully - version: 4.0.5 - missing functions: none
symbol engine: initialized successfully - sym options: 0x614 - pdb path: .;C:\Program Files\Java\jdk-11.0.9\bin;C:\WINDOWS\SYSTEM32;C:\Program Files\Avast Software\Avast;C:\WINDOWS\WinSxS\amd64_microsoft.windows.common-controls_6595b64144ccf1df_6.0.19041.1110_none_60b5254171f9507e;C:\Program Files\Java\jdk-11.0.9\bin\server

VM Arguments:
jvm_args: -Dfile.encoding=Cp1252 
java_command: app.Application
java_class_path (initial): C:\Users\Sandra\git\I7-20-2020-Sandra-Martinovic\SandraMartinovic\DizajnerskiObrasci\bin;C:\Users\Sandra\git\I7-20-2020-Sandra-Martinovic\SandraMartinovic\DizajnerskiObrasci\src\mvc\Model\heksagon.jar;C:\Users\Sandra\.p2\pool\plugins\org.junit.jupiter.api_5.7.0.v20201026-1537.jar;C:\Users\Sandra\.p2\pool\plugins\org.junit.jupiter.engine_5.7.0.v20201026-1537.jar;C:\Users\Sandra\.p2\pool\plugins\org.junit.jupiter.migrationsupport_5.7.0.v20201026-1537.jar;C:\Users\Sandra\.p2\pool\plugins\org.junit.jupiter.params_5.7.0.v20201026-1537.jar;C:\Users\Sandra\.p2\pool\plugins\org.junit.platform.commons_1.7.0.v20201026-1537.jar;C:\Users\Sandra\.p2\pool\plugins\org.junit.platform.engine_1.7.0.v20201026-1537.jar;C:\Users\Sandra\.p2\pool\plugins\org.junit.platform.launcher_1.7.0.v20201026-1537.jar;C:\Users\Sandra\.p2\pool\plugins\org.junit.platform.runner_1.7.0.v20201026-1537.jar;C:\Users\Sandra\.p2\pool\plugins\org.junit.platform.suite.api_1.7.0.v20201026-1537.jar;C:\Users\Sandra\.p2\pool\plugins\org.junit.vintage.engine_5.7.0.v20201026-1537.jar;C:\Users\Sandra\.p2\pool\plugins\org.opentest4j_1.2.0.v20190826-0900.jar;C:\Users\Sandra\.p2\pool\plugins\org.apiguardian_1.1.0.v20190826-0900.jar;C:\Users\Sandra\.p2\pool\plugins\org.junit_4.13.0.v20200204-1500.jar;C:\Users\Sandra\.p2\pool\plugins\org.hamcrest.core_1.3.0.v20180420-1519.jar;D:\Downloads\mockito-all-2.0.2-beta.jar
Launcher Type: SUN_STANDARD

[Global flags]
     intx CICompilerCount                          = 3                                         {product} {ergonomic}
     uint ConcGCThreads                            = 1                                         {product} {ergonomic}
     uint G1ConcRefinementThreads                  = 4                                         {product} {ergonomic}
   size_t G1HeapRegionSize                         = 1048576                                   {product} {ergonomic}
    uintx GCDrainStackTargetSize                   = 64                                        {product} {ergonomic}
   size_t InitialHeapSize                          = 134217728                                 {product} {ergonomic}
   size_t MarkStackSize                            = 4194304                                   {product} {ergonomic}
   size_t MaxHeapSize                              = 2118123520                                {product} {ergonomic}
   size_t MinHeapDeltaBytes                        = 1048576                                   {product} {ergonomic}
    uintx NonNMethodCodeHeapSize                   = 5830732                                {pd product} {ergonomic}
    uintx NonProfiledCodeHeapSize                  = 122913754                              {pd product} {ergonomic}
    uintx ProfiledCodeHeapSize                     = 122913754                              {pd product} {ergonomic}
    uintx ReservedCodeCacheSize                    = 251658240                              {pd product} {ergonomic}
     bool SegmentedCodeCache                       = true                                      {product} {ergonomic}
     bool UseCompressedClassPointers               = true                                 {lp64_product} {ergonomic}
     bool UseCompressedOops                        = true                                 {lp64_product} {ergonomic}
     bool UseG1GC                                  = true                                      {product} {ergonomic}
     bool UseLargePagesIndividualAllocation        = false                                  {pd product} {ergonomic}

Logging:
Log output configuration:
 #0: stdout all=warning uptime,level,tags
 #1: stderr all=off uptime,level,tags

Environment Variables:
JAVA_HOME=C:\Program Files\Java\jdk-11.0.9
PATH=C:\Program Files\Common Files\Oracle\Java\javapath;C:\Program Files\Java\jdk-11.0.9\bin;C:\WINDOWS\system32;C:\WINDOWS;C:\WINDOWS\System32\Wbem;C:\WINDOWS\System32\WindowsPowerShell\v1.0\;C:\Program Files (x86)\Microsoft SQL Server\Client SDK\ODBC\130\Tools\Binn\;C:\Program Files (x86)\Microsoft SQL Server\140\Tools\Binn\;C:\Program Files (x86)\Microsoft SQL Server\140\DTS\Binn\;C:\Program Files (x86)\Microsoft SQL Server\140\Tools\Binn\ManagementStudio\;C:\Program Files\Microsoft SQL Server\Client SDK\ODBC\130\Tools\Binn\;C:\Program Files\Microsoft SQL Server\140\Tools\Binn\;C:\Program Files\Microsoft SQL Server\140\DTS\Binn\;C:\WINDOWS\System32\OpenSSH\;C:\Program Files\Java\jdk-11.0.9\bin;C:\Program Files\PostgreSQL\11\bin;C:\Program Files\PostgreSQL\11\lib;C:\Program Files\Git\cmd;C:\Program Files\Microsoft SQL Server\130\Tools\Binn\;C:\Program Files\dotnet\;D:\Program Files\apache-maven-3.6.3\bin;%M2_HOME%\bin;C:\Users\Sandra\Downloads\AnypointStudio;C:\Program Files\nodejs\;"D:\Diplomski rad\mysql-connector.jar;.;";C:\Users\Sandra\Downloads\mysql-connector-java-8.0.18;C:\Program Files\apache-maven-3.6.3\bin\;D:\Downloads\sonar-scanner-cli-4.6.2.2472-windows\sonar-scanner-4.6.2.2472-windows\bin;C:\Program Files\MySQL\MySQL Shell 8.0\bin\;C:\Users\Sandra\AppData\Local\Programs\Microsoft VS Code\bin;C:\Users\Sandra\.dotnet\tools;C:\Program Files\Java\jdk-11.0.9\bin;C:\Users\Sandra\AppData\Roaming\npm;C:\Users\Sandra\AppData\Local\Microsoft\WindowsApps;C:\Users\Sandra\AppData\Local\Programs\MiKTeX\miktex\bin\x64\;C:\Program Files\apache-maven-3.6.3\bin\;
USERNAME=Sandra
OS=Windows_NT
PROCESSOR_IDENTIFIER=Intel64 Family 6 Model 158 Stepping 9, GenuineIntel



---------------  S Y S T E M  ---------------

OS: Windows 10 , 64 bit Build 19041 (10.0.19041.1202)

CPU:total 4 (initial active 4) (4 cores per cpu, 1 threads per core) family 6 model 158 stepping 9, cmov, cx8, fxsr, mmx, sse, sse2, sse3, ssse3, sse4.1, sse4.2, popcnt, avx, avx2, aes, clmul, erms, 3dnowpref, lzcnt, tsc, tscinvbit, bmi1, bmi2, adx, fma

Memory: 4k page, system-wide physical 8077M (1151M free)
TotalPageFile size 13729M (AvailPageFile size 51M)
current process WorkingSet (physical memory assigned to process): 9M, peak: 9M
current process commit charge ("private bytes"): 51M, peak: 179M

vm_info: Java HotSpot(TM) 64-Bit Server VM (11.0.9+7-LTS) for windows-amd64 JRE (11.0.9+7-LTS), built on Sep 15 2020 16:47:03 by "mach5one" with MS VC++ 15.9 (VS2017)

END.
